{"logTime": "1005/233224", "correlationVector":"aJyQg+48maO65hh9IzzVUc.0","action":"FeedSettingFetch_homeCloud", "result":"0", "context":{}}
{"logTime": "1005/233225", "correlationVector":"78SG9YICiIf7WK+BDBbMje.1","action":"SyncServerConnectionManagerRequest", "result":"SYNC_SERVER_OK", "context":{"environment":"48F630A6-CB1B-4CC7-86AF-0F6627234B58|113", "server":"AM3PEPF0000386F"}}
{"logTime": "1005/233226", "correlationVector":"78SG9YICiIf7WK+BDBbMje.2","action":"AAD.Mip.Unpack", "result":"Success", "context":MIP_CLOUD_COMMERCIAL:Success}
{"logTime": "1005/233226", "correlationVector":"78SG9YICiIf7WK+BDBbMje.3","action":"AAD.GetKeyResponse", "result":"Success", "context":Keys=2.LastKeyStatus=Normal. 2021-09-01 23:17:31 +01.State=None}
{"logTime": "1005/233226", "correlationVector":"78SG9YICiIf7WK+BDBbMje","action":"Initial GetUpdates", "result":""}
{"logTime": "1005/233226", "correlationVector":"78SG9YICiIf7WK+BDBbMje.4","action":"GetUpdates Response", "result":"SYNCER_OK"}
{"logTime": "1005/233227", "correlationVector":"hC9wlxb6w8wtXmdJiawAJG","action":"Initial GetUpdates", "result":""}
{"logTime": "1005/233227", "correlationVector":"hC9wlxb6w8wtXmdJiawAJG.1","action":"SyncServerConnectionManagerRequest", "result":"SYNC_SERVER_OK", "context":{"environment":"48F630A6-CB1B-4CC7-86AF-0F6627234B58|113", "server":"AM3PEPF0000386F"}}
{"logTime": "1005/233227", "correlationVector":"hC9wlxb6w8wtXmdJiawAJG.2","action":"GetUpdates Response", "result":"SYNCER_OK"}
{"logTime": "1005/233227", "correlationVector":"QEWeWqQ4qBcsCN493QklIM","action":"Normal GetUpdate request", "result":""}
{"logTime": "1005/233227", "correlationVector":"QEWeWqQ4qBcsCN493QklIM.1","action":"SyncServerConnectionManagerRequest", "result":"SYNC_SERVER_OK", "context":{"environment":"48F630A6-CB1B-4CC7-86AF-0F6627234B58|113", "server":"AM3PEPF0000386F"}}
{"logTime": "1005/233227", "correlationVector":"QEWeWqQ4qBcsCN493QklIM.2","action":"GetUpdates Response", "result":"SYNCER_OK"}
{"logTime": "1005/233227", "correlationVector":"i4S4TsmHgvryFg/jn3RWxG","action":"Commit Request", "result":""}
{"logTime": "1005/233228", "correlationVector":"i4S4TsmHgvryFg/jn3RWxG.1","action":"SyncServerConnectionManagerRequest", "result":"SYNC_SERVER_OK", "context":{"environment":"48F630A6-CB1B-4CC7-86AF-0F6627234B58|113", "server":"AM3PEPF0000386F"}}
{"logTime": "1005/233228", "correlationVector":"i4S4TsmHgvryFg/jn3RWxG.2","action":"Commit Response", "result":"SYNCER_OK"}
{"logTime": "1005/233706", "correlationVector":"BQmcJ7E1ZI75+PcE1IxIn0.0","action":"FeedSettingFetch_homeCloud", "result":"0", "context":{}}
{"logTime": "1005/233707", "correlationVector":"eWn5Pb7pTkn3EXNGZEUdyZ.1","action":"SyncServerConnectionManagerRequest", "result":"SYNC_SERVER_OK", "context":{"environment":"48F630A6-CB1B-4CC7-86AF-0F6627234B58|113", "server":"DB5PEPF000043D2"}}
{"logTime": "1005/233707", "correlationVector":"eWn5Pb7pTkn3EXNGZEUdyZ.2","action":"AAD.Mip.Unpack", "result":"Success", "context":MIP_CLOUD_COMMERCIAL:Success}
{"logTime": "1005/233707", "correlationVector":"eWn5Pb7pTkn3EXNGZEUdyZ.3","action":"AAD.GetKeyResponse", "result":"Success", "context":Keys=2.LastKeyStatus=Normal. 2021-09-01 23:17:31 +01.State=None}
{"logTime": "1005/233707", "correlationVector":"eWn5Pb7pTkn3EXNGZEUdyZ","action":"Initial GetUpdates", "result":""}
{"logTime": "1005/233707", "correlationVector":"eWn5Pb7pTkn3EXNGZEUdyZ.4","action":"GetUpdates Response", "result":"SYNCER_OK"}
{"logTime": "1005/233707", "correlationVector":"MFS2d39fIfPIHyxk7rILBt","action":"Normal GetUpdate request", "result":""}
{"logTime": "1005/233707", "correlationVector":"MFS2d39fIfPIHyxk7rILBt.1","action":"SyncServerConnectionManagerRequest", "result":"SYNC_SERVER_OK", "context":{"environment":"48F630A6-CB1B-4CC7-86AF-0F6627234B58|113", "server":"DB5PEPF000043D2"}}
{"logTime": "1005/233707", "correlationVector":"MFS2d39fIfPIHyxk7rILBt.2","action":"GetUpdates Response", "result":"SYNCER_OK"}
